{"app/model/User.js":{"path":"app/model/User.js","s":{"1":1,"2":6,"3":6,"4":4,"5":4,"6":4,"7":7,"8":6,"9":2,"10":1},"b":{},"f":{"1":6,"2":4,"3":4,"4":4,"5":7,"6":6,"7":2},"fnMap":{"1":{"name":"(anonymous_1)","line":5,"loc":{"start":{"line":5,"column":11},"end":{"line":5,"column":29}}},"2":{"name":"(anonymous_2)","line":12,"loc":{"start":{"line":12,"column":17},"end":{"line":12,"column":29}}},"3":{"name":"(anonymous_3)","line":19,"loc":{"start":{"line":19,"column":16},"end":{"line":19,"column":28}}},"4":{"name":"(anonymous_4)","line":28,"loc":{"start":{"line":28,"column":20},"end":{"line":28,"column":32}}},"5":{"name":"(anonymous_5)","line":37,"loc":{"start":{"line":37,"column":19},"end":{"line":37,"column":31}}},"6":{"name":"(anonymous_6)","line":45,"loc":{"start":{"line":45,"column":18},"end":{"line":45,"column":39}}},"7":{"name":"(anonymous_7)","line":53,"loc":{"start":{"line":53,"column":17},"end":{"line":53,"column":29}}}},"statementMap":{"1":{"start":{"line":5,"column":0},"end":{"line":58,"column":2}},"2":{"start":{"line":6,"column":4},"end":{"line":6,"column":20}},"3":{"start":{"line":8,"column":4},"end":{"line":57,"column":6}},"4":{"start":{"line":13,"column":12},"end":{"line":13,"column":29}},"5":{"start":{"line":20,"column":12},"end":{"line":20,"column":35}},"6":{"start":{"line":29,"column":12},"end":{"line":29,"column":43}},"7":{"start":{"line":38,"column":12},"end":{"line":38,"column":26}},"8":{"start":{"line":46,"column":12},"end":{"line":46,"column":35}},"9":{"start":{"line":54,"column":12},"end":{"line":54,"column":31}},"10":{"start":{"line":59,"column":0},"end":{"line":59,"column":22}}},"branchMap":{}},"app/model/UserRepository.js":{"path":"app/model/UserRepository.js","s":{"1":1,"2":1,"3":1,"4":4,"5":4,"6":4,"7":3,"8":1,"9":2,"10":1,"11":1,"12":1,"13":1,"14":1,"15":3,"16":3,"17":3,"18":3,"19":3,"20":1,"21":2,"22":1,"23":1,"24":1,"25":3,"26":3,"27":3,"28":3,"29":3,"30":1,"31":2,"32":1,"33":1,"34":1,"35":1,"36":1,"37":1,"38":2,"39":1,"40":1},"b":{"1":[1,2],"2":[1,1],"3":[1,2],"4":[1,1],"5":[1,2],"6":[1,1],"7":[1,0]},"f":{"1":6,"2":4,"3":4,"4":3,"5":3,"6":3,"7":3,"8":3,"9":3,"10":3},"fnMap":{"1":{"name":"UserRepository","line":7,"loc":{"start":{"line":7,"column":0},"end":{"line":7,"column":26}}},"2":{"name":"(anonymous_2)","line":10,"loc":{"start":{"line":10,"column":48},"end":{"line":10,"column":83}}},"3":{"name":"(anonymous_3)","line":23,"loc":{"start":{"line":23,"column":8},"end":{"line":23,"column":27}}},"4":{"name":"(anonymous_4)","line":26,"loc":{"start":{"line":26,"column":8},"end":{"line":26,"column":36}}},"5":{"name":"(anonymous_5)","line":48,"loc":{"start":{"line":48,"column":36},"end":{"line":48,"column":69}}},"6":{"name":"(anonymous_6)","line":61,"loc":{"start":{"line":61,"column":8},"end":{"line":61,"column":27}}},"7":{"name":"(anonymous_7)","line":64,"loc":{"start":{"line":64,"column":8},"end":{"line":64,"column":36}}},"8":{"name":"(anonymous_8)","line":85,"loc":{"start":{"line":85,"column":35},"end":{"line":85,"column":65}}},"9":{"name":"(anonymous_9)","line":99,"loc":{"start":{"line":99,"column":8},"end":{"line":99,"column":27}}},"10":{"name":"(anonymous_10)","line":102,"loc":{"start":{"line":102,"column":8},"end":{"line":102,"column":36}}}},"statementMap":{"1":{"start":{"line":1,"column":0},"end":{"line":5,"column":48}},"2":{"start":{"line":7,"column":0},"end":{"line":7,"column":28}},"3":{"start":{"line":10,"column":0},"end":{"line":39,"column":2}},"4":{"start":{"line":11,"column":4},"end":{"line":19,"column":20}},"5":{"start":{"line":21,"column":4},"end":{"line":38,"column":23}},"6":{"start":{"line":24,"column":12},"end":{"line":24,"column":48}},"7":{"start":{"line":27,"column":12},"end":{"line":29,"column":13}},"8":{"start":{"line":28,"column":16},"end":{"line":28,"column":51}},"9":{"start":{"line":30,"column":12},"end":{"line":32,"column":13}},"10":{"start":{"line":31,"column":16},"end":{"line":31,"column":69}},"11":{"start":{"line":34,"column":12},"end":{"line":34,"column":56}},"12":{"start":{"line":35,"column":12},"end":{"line":35,"column":51}},"13":{"start":{"line":36,"column":12},"end":{"line":36,"column":47}},"14":{"start":{"line":48,"column":0},"end":{"line":75,"column":2}},"15":{"start":{"line":49,"column":4},"end":{"line":53,"column":20}},"16":{"start":{"line":55,"column":4},"end":{"line":57,"column":6}},"17":{"start":{"line":59,"column":4},"end":{"line":74,"column":7}},"18":{"start":{"line":62,"column":12},"end":{"line":62,"column":50}},"19":{"start":{"line":65,"column":12},"end":{"line":67,"column":13}},"20":{"start":{"line":66,"column":16},"end":{"line":66,"column":51}},"21":{"start":{"line":68,"column":12},"end":{"line":70,"column":13}},"22":{"start":{"line":69,"column":16},"end":{"line":69,"column":71}},"23":{"start":{"line":72,"column":12},"end":{"line":72,"column":67}},"24":{"start":{"line":85,"column":0},"end":{"line":125,"column":2}},"25":{"start":{"line":86,"column":4},"end":{"line":91,"column":20}},"26":{"start":{"line":93,"column":4},"end":{"line":95,"column":6}},"27":{"start":{"line":97,"column":4},"end":{"line":124,"column":7}},"28":{"start":{"line":100,"column":12},"end":{"line":100,"column":50}},"29":{"start":{"line":104,"column":12},"end":{"line":106,"column":13}},"30":{"start":{"line":105,"column":16},"end":{"line":105,"column":51}},"31":{"start":{"line":108,"column":12},"end":{"line":110,"column":13}},"32":{"start":{"line":109,"column":16},"end":{"line":109,"column":96}},"33":{"start":{"line":112,"column":12},"end":{"line":112,"column":62}},"34":{"start":{"line":113,"column":12},"end":{"line":113,"column":61}},"35":{"start":{"line":115,"column":12},"end":{"line":121,"column":13}},"36":{"start":{"line":116,"column":16},"end":{"line":116,"column":82}},"37":{"start":{"line":118,"column":16},"end":{"line":120,"column":17}},"38":{"start":{"line":119,"column":20},"end":{"line":119,"column":63}},"39":{"start":{"line":122,"column":12},"end":{"line":122,"column":59}},"40":{"start":{"line":127,"column":0},"end":{"line":127,"column":32}}},"branchMap":{"1":{"line":27,"type":"if","locations":[{"start":{"line":27,"column":12},"end":{"line":27,"column":12}},{"start":{"line":27,"column":12},"end":{"line":27,"column":12}}]},"2":{"line":30,"type":"if","locations":[{"start":{"line":30,"column":12},"end":{"line":30,"column":12}},{"start":{"line":30,"column":12},"end":{"line":30,"column":12}}]},"3":{"line":65,"type":"if","locations":[{"start":{"line":65,"column":12},"end":{"line":65,"column":12}},{"start":{"line":65,"column":12},"end":{"line":65,"column":12}}]},"4":{"line":68,"type":"if","locations":[{"start":{"line":68,"column":12},"end":{"line":68,"column":12}},{"start":{"line":68,"column":12},"end":{"line":68,"column":12}}]},"5":{"line":104,"type":"if","locations":[{"start":{"line":104,"column":12},"end":{"line":104,"column":12}},{"start":{"line":104,"column":12},"end":{"line":104,"column":12}}]},"6":{"line":108,"type":"if","locations":[{"start":{"line":108,"column":12},"end":{"line":108,"column":12}},{"start":{"line":108,"column":12},"end":{"line":108,"column":12}}]},"7":{"line":115,"type":"if","locations":[{"start":{"line":115,"column":12},"end":{"line":115,"column":12}},{"start":{"line":115,"column":12},"end":{"line":115,"column":12}}]}}},"app/config/config.js":{"path":"app/config/config.js","s":{"1":1,"2":1,"3":1,"4":0,"5":1,"6":1},"b":{"1":[1,1]},"f":{"1":1,"2":0},"fnMap":{"1":{"name":"(anonymous_1)","line":9,"loc":{"start":{"line":9,"column":14},"end":{"line":9,"column":26}}},"2":{"name":"(anonymous_2)","line":20,"loc":{"start":{"line":20,"column":14},"end":{"line":20,"column":26}}}},"statementMap":{"1":{"start":{"line":2,"column":0},"end":{"line":24,"column":2}},"2":{"start":{"line":10,"column":12},"end":{"line":10,"column":36}},"3":{"start":{"line":11,"column":12},"end":{"line":11,"column":24}},"4":{"start":{"line":21,"column":12},"end":{"line":21,"column":24}},"5":{"start":{"line":27,"column":0},"end":{"line":27,"column":40}},"6":{"start":{"line":30,"column":0},"end":{"line":30,"column":35}}},"branchMap":{"1":{"line":27,"type":"binary-expr","locations":[{"start":{"line":27,"column":10},"end":{"line":27,"column":30}},{"start":{"line":27,"column":34},"end":{"line":27,"column":39}}]}}},"app/controller/Security.js":{"path":"app/controller/Security.js","s":{"1":1,"2":1,"3":1,"4":1,"5":1,"6":1,"7":1,"8":0,"9":0,"10":0,"11":1,"12":0,"13":0,"14":0,"15":0,"16":0,"17":1,"18":0,"19":0,"20":0,"21":0,"22":0,"23":1,"24":0,"25":0,"26":0,"27":0,"28":0,"29":0,"30":0,"31":0,"32":0,"33":0,"34":0,"35":0,"36":0,"37":0,"38":0,"39":1,"40":0,"41":0,"42":0,"43":0,"44":0,"45":0,"46":0,"47":0,"48":0,"49":0,"50":0,"51":0,"52":0,"53":0,"54":0},"b":{"1":[0,0],"2":[0,0],"3":[0,0],"4":[0,0],"5":[0,0],"6":[0,0],"7":[0,0],"8":[0,0]},"f":{"1":0,"2":0,"3":0,"4":0,"5":0,"6":0,"7":0,"8":0,"9":0,"10":0,"11":0,"12":0,"13":0},"fnMap":{"1":{"name":"(anonymous_1)","line":21,"loc":{"start":{"line":21,"column":23},"end":{"line":21,"column":42}}},"2":{"name":"(anonymous_2)","line":40,"loc":{"start":{"line":40,"column":17},"end":{"line":40,"column":42}}},"3":{"name":"(anonymous_3)","line":58,"loc":{"start":{"line":58,"column":22},"end":{"line":58,"column":42}}},"4":{"name":"(anonymous_4)","line":61,"loc":{"start":{"line":61,"column":8},"end":{"line":61,"column":27}}},"5":{"name":"(anonymous_5)","line":64,"loc":{"start":{"line":64,"column":7},"end":{"line":64,"column":29}}},"6":{"name":"(anonymous_6)","line":79,"loc":{"start":{"line":79,"column":27},"end":{"line":79,"column":62}}},"7":{"name":"(anonymous_7)","line":83,"loc":{"start":{"line":83,"column":8},"end":{"line":83,"column":27}}},"8":{"name":"(anonymous_8)","line":87,"loc":{"start":{"line":87,"column":8},"end":{"line":87,"column":33}}},"9":{"name":"(anonymous_9)","line":101,"loc":{"start":{"line":101,"column":7},"end":{"line":101,"column":29}}},"10":{"name":"(anonymous_10)","line":120,"loc":{"start":{"line":120,"column":23},"end":{"line":120,"column":63}}},"11":{"name":"(anonymous_11)","line":125,"loc":{"start":{"line":125,"column":8},"end":{"line":125,"column":27}}},"12":{"name":"(anonymous_12)","line":128,"loc":{"start":{"line":128,"column":8},"end":{"line":128,"column":33}}},"13":{"name":"(anonymous_13)","line":144,"loc":{"start":{"line":144,"column":7},"end":{"line":144,"column":29}}}},"statementMap":{"1":{"start":{"line":7,"column":0},"end":{"line":7,"column":29}},"2":{"start":{"line":8,"column":0},"end":{"line":8,"column":31}},"3":{"start":{"line":9,"column":0},"end":{"line":9,"column":30}},"4":{"start":{"line":10,"column":0},"end":{"line":10,"column":56}},"5":{"start":{"line":11,"column":0},"end":{"line":11,"column":42}},"6":{"start":{"line":12,"column":0},"end":{"line":12,"column":34}},"7":{"start":{"line":21,"column":0},"end":{"line":32,"column":2}},"8":{"start":{"line":22,"column":4},"end":{"line":24,"column":5}},"9":{"start":{"line":23,"column":8},"end":{"line":23,"column":64}},"10":{"start":{"line":26,"column":4},"end":{"line":31,"column":7}},"11":{"start":{"line":40,"column":0},"end":{"line":48,"column":2}},"12":{"start":{"line":41,"column":4},"end":{"line":43,"column":5}},"13":{"start":{"line":42,"column":8},"end":{"line":42,"column":64}},"14":{"start":{"line":45,"column":4},"end":{"line":45,"column":109}},"15":{"start":{"line":46,"column":4},"end":{"line":46,"column":17}},"16":{"start":{"line":47,"column":4},"end":{"line":47,"column":22}},"17":{"start":{"line":58,"column":0},"end":{"line":70,"column":2}},"18":{"start":{"line":59,"column":4},"end":{"line":69,"column":7}},"19":{"start":{"line":62,"column":12},"end":{"line":62,"column":57}},"20":{"start":{"line":65,"column":8},"end":{"line":67,"column":9}},"21":{"start":{"line":66,"column":12},"end":{"line":66,"column":66}},"22":{"start":{"line":68,"column":8},"end":{"line":68,"column":33}},"23":{"start":{"line":79,"column":0},"end":{"line":108,"column":2}},"24":{"start":{"line":80,"column":4},"end":{"line":80,"column":41}},"25":{"start":{"line":81,"column":4},"end":{"line":107,"column":7}},"26":{"start":{"line":84,"column":12},"end":{"line":84,"column":57}},"27":{"start":{"line":88,"column":12},"end":{"line":90,"column":13}},"28":{"start":{"line":89,"column":16},"end":{"line":89,"column":45}},"29":{"start":{"line":91,"column":12},"end":{"line":91,"column":87}},"30":{"start":{"line":92,"column":12},"end":{"line":98,"column":13}},"31":{"start":{"line":93,"column":16},"end":{"line":93,"column":60}},"32":{"start":{"line":94,"column":16},"end":{"line":94,"column":37}},"33":{"start":{"line":96,"column":16},"end":{"line":96,"column":64}},"34":{"start":{"line":97,"column":16},"end":{"line":97,"column":38}},"35":{"start":{"line":102,"column":8},"end":{"line":104,"column":9}},"36":{"start":{"line":103,"column":12},"end":{"line":103,"column":67}},"37":{"start":{"line":105,"column":8},"end":{"line":105,"column":32}},"38":{"start":{"line":106,"column":8},"end":{"line":106,"column":33}},"39":{"start":{"line":120,"column":0},"end":{"line":154,"column":2}},"40":{"start":{"line":121,"column":4},"end":{"line":121,"column":59}},"41":{"start":{"line":123,"column":4},"end":{"line":151,"column":7}},"42":{"start":{"line":126,"column":12},"end":{"line":126,"column":56}},"43":{"start":{"line":130,"column":12},"end":{"line":132,"column":13}},"44":{"start":{"line":131,"column":16},"end":{"line":131,"column":39}},"45":{"start":{"line":134,"column":12},"end":{"line":134,"column":36}},"46":{"start":{"line":136,"column":12},"end":{"line":136,"column":113}},"47":{"start":{"line":139,"column":12},"end":{"line":139,"column":43}},"48":{"start":{"line":140,"column":12},"end":{"line":140,"column":93}},"49":{"start":{"line":141,"column":12},"end":{"line":141,"column":73}},"50":{"start":{"line":142,"column":12},"end":{"line":142,"column":75}},"51":{"start":{"line":145,"column":8},"end":{"line":147,"column":9}},"52":{"start":{"line":146,"column":12},"end":{"line":146,"column":75}},"53":{"start":{"line":148,"column":8},"end":{"line":148,"column":32}},"54":{"start":{"line":149,"column":8},"end":{"line":149,"column":26}}},"branchMap":{"1":{"line":22,"type":"if","locations":[{"start":{"line":22,"column":4},"end":{"line":22,"column":4}},{"start":{"line":22,"column":4},"end":{"line":22,"column":4}}]},"2":{"line":41,"type":"if","locations":[{"start":{"line":41,"column":4},"end":{"line":41,"column":4}},{"start":{"line":41,"column":4},"end":{"line":41,"column":4}}]},"3":{"line":65,"type":"if","locations":[{"start":{"line":65,"column":8},"end":{"line":65,"column":8}},{"start":{"line":65,"column":8},"end":{"line":65,"column":8}}]},"4":{"line":88,"type":"if","locations":[{"start":{"line":88,"column":12},"end":{"line":88,"column":12}},{"start":{"line":88,"column":12},"end":{"line":88,"column":12}}]},"5":{"line":92,"type":"if","locations":[{"start":{"line":92,"column":12},"end":{"line":92,"column":12}},{"start":{"line":92,"column":12},"end":{"line":92,"column":12}}]},"6":{"line":102,"type":"if","locations":[{"start":{"line":102,"column":8},"end":{"line":102,"column":8}},{"start":{"line":102,"column":8},"end":{"line":102,"column":8}}]},"7":{"line":130,"type":"if","locations":[{"start":{"line":130,"column":12},"end":{"line":130,"column":12}},{"start":{"line":130,"column":12},"end":{"line":130,"column":12}}]},"8":{"line":145,"type":"if","locations":[{"start":{"line":145,"column":8},"end":{"line":145,"column":8}},{"start":{"line":145,"column":8},"end":{"line":145,"column":8}}]}}},"app/app.js":{"path":"app/app.js","s":{"1":1,"2":1,"3":1,"4":1,"5":1,"6":1,"7":1,"8":1,"9":1,"10":1,"11":1,"12":1,"13":1,"14":1,"15":1,"16":1,"17":1,"18":1,"19":1,"20":1,"21":1,"22":1},"b":{"1":[1,0]},"f":{},"fnMap":{},"statementMap":{"1":{"start":{"line":10,"column":0},"end":{"line":10,"column":33}},"2":{"start":{"line":11,"column":0},"end":{"line":11,"column":20}},"3":{"start":{"line":14,"column":0},"end":{"line":14,"column":31}},"4":{"start":{"line":15,"column":0},"end":{"line":15,"column":44}},"5":{"start":{"line":16,"column":0},"end":{"line":16,"column":40}},"6":{"start":{"line":17,"column":0},"end":{"line":17,"column":48}},"7":{"start":{"line":18,"column":0},"end":{"line":18,"column":48}},"8":{"start":{"line":19,"column":0},"end":{"line":19,"column":35}},"9":{"start":{"line":20,"column":0},"end":{"line":20,"column":37}},"10":{"start":{"line":24,"column":0},"end":{"line":24,"column":40}},"11":{"start":{"line":26,"column":0},"end":{"line":26,"column":39}},"12":{"start":{"line":29,"column":0},"end":{"line":29,"column":57}},"13":{"start":{"line":31,"column":0},"end":{"line":31,"column":27}},"14":{"start":{"line":32,"column":0},"end":{"line":32,"column":26}},"15":{"start":{"line":33,"column":0},"end":{"line":33,"column":24}},"16":{"start":{"line":36,"column":0},"end":{"line":38,"column":4}},"17":{"start":{"line":39,"column":0},"end":{"line":39,"column":31}},"18":{"start":{"line":40,"column":0},"end":{"line":40,"column":28}},"19":{"start":{"line":43,"column":0},"end":{"line":43,"column":50}},"20":{"start":{"line":45,"column":0},"end":{"line":45,"column":24}},"21":{"start":{"line":46,"column":0},"end":{"line":46,"column":78}},"22":{"start":{"line":48,"column":0},"end":{"line":48,"column":21}}},"branchMap":{"1":{"line":29,"type":"cond-expr","locations":[{"start":{"line":29,"column":40},"end":{"line":29,"column":45}},{"start":{"line":29,"column":48},"end":{"line":29,"column":54}}]}}},"app/config/passport.js":{"path":"app/config/passport.js","s":{"1":1,"2":1,"3":1,"4":1,"5":1,"6":1,"7":0,"8":0,"9":0,"10":1,"11":1},"b":{},"f":{"1":1,"2":1,"3":0,"4":0},"fnMap":{"1":{"name":"(anonymous_1)","line":10,"loc":{"start":{"line":10,"column":17},"end":{"line":10,"column":36}}},"2":{"name":"(anonymous_2)","line":13,"loc":{"start":{"line":13,"column":27},"end":{"line":13,"column":48}}},"3":{"name":"(anonymous_3)","line":17,"loc":{"start":{"line":17,"column":29},"end":{"line":17,"column":49}}},"4":{"name":"(anonymous_4)","line":19,"loc":{"start":{"line":19,"column":34},"end":{"line":19,"column":54}}}},"statementMap":{"1":{"start":{"line":4,"column":0},"end":{"line":4,"column":55}},"2":{"start":{"line":7,"column":0},"end":{"line":7,"column":49}},"3":{"start":{"line":10,"column":0},"end":{"line":33,"column":2}},"4":{"start":{"line":13,"column":4},"end":{"line":15,"column":7}},"5":{"start":{"line":14,"column":8},"end":{"line":14,"column":34}},"6":{"start":{"line":17,"column":4},"end":{"line":22,"column":7}},"7":{"start":{"line":18,"column":8},"end":{"line":18,"column":42}},"8":{"start":{"line":19,"column":8},"end":{"line":21,"column":11}},"9":{"start":{"line":20,"column":12},"end":{"line":20,"column":28}},"10":{"start":{"line":27,"column":4},"end":{"line":29,"column":35}},"11":{"start":{"line":30,"column":4},"end":{"line":32,"column":31}}},"branchMap":{}},"app/config/routes.js":{"path":"app/config/routes.js","s":{"1":1,"2":1,"3":1,"4":1,"5":1,"6":0,"7":0,"8":1,"9":1,"10":0,"11":1,"12":1,"13":1,"14":1,"15":1,"16":1,"17":1,"18":1,"19":1,"20":0,"21":0,"22":0},"b":{"1":[0,0]},"f":{"1":1,"2":0,"3":0,"4":0},"fnMap":{"1":{"name":"(anonymous_1)","line":5,"loc":{"start":{"line":5,"column":17},"end":{"line":5,"column":50}}},"2":{"name":"(anonymous_2)","line":8,"loc":{"start":{"line":8,"column":23},"end":{"line":8,"column":54}}},"3":{"name":"(anonymous_3)","line":21,"loc":{"start":{"line":21,"column":23},"end":{"line":21,"column":49}}},"4":{"name":"isLoggedIn","line":41,"loc":{"start":{"line":41,"column":4},"end":{"line":41,"column":40}}}},"statementMap":{"1":{"start":{"line":1,"column":0},"end":{"line":1,"column":47}},"2":{"start":{"line":2,"column":0},"end":{"line":2,"column":49}},"3":{"start":{"line":3,"column":0},"end":{"line":3,"column":35}},"4":{"start":{"line":5,"column":0},"end":{"line":54,"column":2}},"5":{"start":{"line":8,"column":4},"end":{"line":15,"column":6}},"6":{"start":{"line":9,"column":8},"end":{"line":9,"column":33}},"7":{"start":{"line":10,"column":8},"end":{"line":13,"column":11}},"8":{"start":{"line":16,"column":4},"end":{"line":16,"column":26}},"9":{"start":{"line":21,"column":4},"end":{"line":23,"column":7}},"10":{"start":{"line":22,"column":8},"end":{"line":22,"column":42}},"11":{"start":{"line":27,"column":4},"end":{"line":27,"column":83}},"12":{"start":{"line":28,"column":4},"end":{"line":28,"column":46}},"13":{"start":{"line":29,"column":4},"end":{"line":29,"column":91}},"14":{"start":{"line":31,"column":4},"end":{"line":31,"column":74}},"15":{"start":{"line":32,"column":4},"end":{"line":32,"column":63}},"16":{"start":{"line":33,"column":4},"end":{"line":33,"column":68}},"17":{"start":{"line":34,"column":4},"end":{"line":34,"column":74}},"18":{"start":{"line":35,"column":4},"end":{"line":35,"column":73}},"19":{"start":{"line":41,"column":4},"end":{"line":49,"column":5}},"20":{"start":{"line":44,"column":8},"end":{"line":45,"column":26}},"21":{"start":{"line":45,"column":12},"end":{"line":45,"column":26}},"22":{"start":{"line":48,"column":8},"end":{"line":48,"column":26}}},"branchMap":{"1":{"line":44,"type":"if","locations":[{"start":{"line":44,"column":8},"end":{"line":44,"column":8}},{"start":{"line":44,"column":8},"end":{"line":44,"column":8}}]}}},"app/controller/Project.js":{"path":"app/controller/Project.js","s":{"1":1,"2":1,"3":1,"4":1,"5":0,"6":0,"7":0,"8":0,"9":0,"10":1,"11":0,"12":0,"13":0,"14":0,"15":0,"16":1,"17":0,"18":0,"19":0,"20":0,"21":0,"22":1,"23":0,"24":0,"25":0,"26":0,"27":0,"28":1,"29":0,"30":0,"31":0,"32":0,"33":0},"b":{"1":[0,0],"2":[0,0],"3":[0,0],"4":[0,0],"5":[0,0]},"f":{"1":0,"2":0,"3":0,"4":0,"5":0,"6":0,"7":0,"8":0,"9":0,"10":0,"11":0,"12":0,"13":0,"14":0,"15":0},"fnMap":{"1":{"name":"(anonymous_1)","line":18,"loc":{"start":{"line":18,"column":30},"end":{"line":18,"column":64}}},"2":{"name":"(anonymous_2)","line":20,"loc":{"start":{"line":20,"column":8},"end":{"line":20,"column":27}}},"3":{"name":"(anonymous_3)","line":23,"loc":{"start":{"line":23,"column":7},"end":{"line":23,"column":30}}},"4":{"name":"(anonymous_4)","line":32,"loc":{"start":{"line":32,"column":26},"end":{"line":32,"column":60}}},"5":{"name":"(anonymous_5)","line":34,"loc":{"start":{"line":34,"column":8},"end":{"line":34,"column":27}}},"6":{"name":"(anonymous_6)","line":37,"loc":{"start":{"line":37,"column":7},"end":{"line":37,"column":30}}},"7":{"name":"(anonymous_7)","line":46,"loc":{"start":{"line":46,"column":22},"end":{"line":46,"column":56}}},"8":{"name":"(anonymous_8)","line":48,"loc":{"start":{"line":48,"column":8},"end":{"line":48,"column":27}}},"9":{"name":"(anonymous_9)","line":51,"loc":{"start":{"line":51,"column":7},"end":{"line":51,"column":30}}},"10":{"name":"(anonymous_10)","line":59,"loc":{"start":{"line":59,"column":27},"end":{"line":59,"column":61}}},"11":{"name":"(anonymous_11)","line":61,"loc":{"start":{"line":61,"column":8},"end":{"line":61,"column":27}}},"12":{"name":"(anonymous_12)","line":64,"loc":{"start":{"line":64,"column":7},"end":{"line":64,"column":30}}},"13":{"name":"(anonymous_13)","line":72,"loc":{"start":{"line":72,"column":24},"end":{"line":72,"column":58}}},"14":{"name":"(anonymous_14)","line":74,"loc":{"start":{"line":74,"column":8},"end":{"line":74,"column":27}}},"15":{"name":"(anonymous_15)","line":77,"loc":{"start":{"line":77,"column":7},"end":{"line":77,"column":30}}}},"statementMap":{"1":{"start":{"line":6,"column":0},"end":{"line":6,"column":29}},"2":{"start":{"line":7,"column":0},"end":{"line":7,"column":62}},"3":{"start":{"line":8,"column":0},"end":{"line":8,"column":48}},"4":{"start":{"line":18,"column":0},"end":{"line":30,"column":2}},"5":{"start":{"line":19,"column":4},"end":{"line":29,"column":7}},"6":{"start":{"line":21,"column":12},"end":{"line":21,"column":75}},"7":{"start":{"line":24,"column":8},"end":{"line":26,"column":9}},"8":{"start":{"line":25,"column":12},"end":{"line":25,"column":29}},"9":{"start":{"line":28,"column":8},"end":{"line":28,"column":31}},"10":{"start":{"line":32,"column":0},"end":{"line":43,"column":2}},"11":{"start":{"line":33,"column":4},"end":{"line":42,"column":7}},"12":{"start":{"line":35,"column":12},"end":{"line":35,"column":56}},"13":{"start":{"line":38,"column":8},"end":{"line":40,"column":9}},"14":{"start":{"line":39,"column":12},"end":{"line":39,"column":29}},"15":{"start":{"line":41,"column":8},"end":{"line":41,"column":31}},"16":{"start":{"line":46,"column":0},"end":{"line":57,"column":2}},"17":{"start":{"line":47,"column":4},"end":{"line":56,"column":7}},"18":{"start":{"line":49,"column":12},"end":{"line":49,"column":31}},"19":{"start":{"line":52,"column":8},"end":{"line":54,"column":9}},"20":{"start":{"line":53,"column":12},"end":{"line":53,"column":29}},"21":{"start":{"line":55,"column":8},"end":{"line":55,"column":31}},"22":{"start":{"line":59,"column":0},"end":{"line":70,"column":2}},"23":{"start":{"line":60,"column":4},"end":{"line":69,"column":7}},"24":{"start":{"line":62,"column":12},"end":{"line":62,"column":31}},"25":{"start":{"line":65,"column":8},"end":{"line":67,"column":9}},"26":{"start":{"line":66,"column":12},"end":{"line":66,"column":29}},"27":{"start":{"line":68,"column":8},"end":{"line":68,"column":31}},"28":{"start":{"line":72,"column":0},"end":{"line":83,"column":2}},"29":{"start":{"line":73,"column":4},"end":{"line":82,"column":7}},"30":{"start":{"line":75,"column":12},"end":{"line":75,"column":31}},"31":{"start":{"line":78,"column":8},"end":{"line":80,"column":9}},"32":{"start":{"line":79,"column":12},"end":{"line":79,"column":29}},"33":{"start":{"line":81,"column":8},"end":{"line":81,"column":31}}},"branchMap":{"1":{"line":24,"type":"if","locations":[{"start":{"line":24,"column":8},"end":{"line":24,"column":8}},{"start":{"line":24,"column":8},"end":{"line":24,"column":8}}]},"2":{"line":38,"type":"if","locations":[{"start":{"line":38,"column":8},"end":{"line":38,"column":8}},{"start":{"line":38,"column":8},"end":{"line":38,"column":8}}]},"3":{"line":52,"type":"if","locations":[{"start":{"line":52,"column":8},"end":{"line":52,"column":8}},{"start":{"line":52,"column":8},"end":{"line":52,"column":8}}]},"4":{"line":65,"type":"if","locations":[{"start":{"line":65,"column":8},"end":{"line":65,"column":8}},{"start":{"line":65,"column":8},"end":{"line":65,"column":8}}]},"5":{"line":78,"type":"if","locations":[{"start":{"line":78,"column":8},"end":{"line":78,"column":8}},{"start":{"line":78,"column":8},"end":{"line":78,"column":8}}]}}},"app/model/ProjectRepository.js":{"path":"app/model/ProjectRepository.js","s":{"1":1,"2":1,"3":1,"4":0,"5":0,"6":0,"7":0,"8":0,"9":1,"10":0,"11":0,"12":0,"13":0,"14":1},"b":{},"f":{"1":1,"2":0,"3":0,"4":0,"5":0,"6":0,"7":0},"fnMap":{"1":{"name":"ProjectRepository","line":7,"loc":{"start":{"line":7,"column":0},"end":{"line":7,"column":29}}},"2":{"name":"(anonymous_2)","line":15,"loc":{"start":{"line":15,"column":50},"end":{"line":15,"column":80}}},"3":{"name":"(anonymous_3)","line":29,"loc":{"start":{"line":29,"column":8},"end":{"line":29,"column":27}}},"4":{"name":"(anonymous_4)","line":32,"loc":{"start":{"line":32,"column":8},"end":{"line":32,"column":36}}},"5":{"name":"(anonymous_5)","line":43,"loc":{"start":{"line":43,"column":46},"end":{"line":43,"column":71}}},"6":{"name":"(anonymous_6)","line":51,"loc":{"start":{"line":51,"column":8},"end":{"line":51,"column":27}}},"7":{"name":"(anonymous_7)","line":54,"loc":{"start":{"line":54,"column":8},"end":{"line":54,"column":36}}}},"statementMap":{"1":{"start":{"line":1,"column":0},"end":{"line":5,"column":48}},"2":{"start":{"line":7,"column":0},"end":{"line":7,"column":31}},"3":{"start":{"line":15,"column":0},"end":{"line":36,"column":2}},"4":{"start":{"line":16,"column":4},"end":{"line":21,"column":20}},"5":{"start":{"line":23,"column":4},"end":{"line":25,"column":6}},"6":{"start":{"line":27,"column":4},"end":{"line":35,"column":7}},"7":{"start":{"line":30,"column":12},"end":{"line":30,"column":50}},"8":{"start":{"line":33,"column":12},"end":{"line":33,"column":42}},"9":{"start":{"line":43,"column":0},"end":{"line":58,"column":2}},"10":{"start":{"line":44,"column":4},"end":{"line":47,"column":17}},"11":{"start":{"line":49,"column":4},"end":{"line":57,"column":7}},"12":{"start":{"line":52,"column":12},"end":{"line":52,"column":42}},"13":{"start":{"line":55,"column":12},"end":{"line":55,"column":42}},"14":{"start":{"line":60,"column":0},"end":{"line":60,"column":35}}},"branchMap":{}},"app/model/Project.js":{"path":"app/model/Project.js","s":{"1":1,"2":0,"3":0,"4":0,"5":0,"6":1},"b":{},"f":{"1":0,"2":0,"3":0,"4":0},"fnMap":{"1":{"name":"Project","line":6,"loc":{"start":{"line":6,"column":0},"end":{"line":6,"column":23}}},"2":{"name":"(anonymous_2)","line":13,"loc":{"start":{"line":13,"column":17},"end":{"line":13,"column":17}}},"3":{"name":"(anonymous_3)","line":21,"loc":{"start":{"line":21,"column":19},"end":{"line":21,"column":19}}},"4":{"name":"(anonymous_4)","line":29,"loc":{"start":{"line":29,"column":19},"end":{"line":29,"column":19}}}},"statementMap":{"1":{"start":{"line":6,"column":0},"end":{"line":33,"column":1}},"2":{"start":{"line":8,"column":4},"end":{"line":32,"column":6}},"3":{"start":{"line":14,"column":12},"end":{"line":14,"column":27}},"4":{"start":{"line":22,"column":12},"end":{"line":22,"column":27}},"5":{"start":{"line":30,"column":12},"end":{"line":30,"column":29}},"6":{"start":{"line":35,"column":0},"end":{"line":35,"column":25}}},"branchMap":{}}}