TN:
SF:app/model/PersonRepository.js
FN:9,PersonRepository
FN:14,(anonymous_2)
FN:22,(anonymous_3)
FN:25,(anonymous_4)
FN:27,(anonymous_5)
FNF:5
FNH:5
FNDA:3,PersonRepository
FNDA:1,(anonymous_2)
FNDA:1,(anonymous_3)
FNDA:1,(anonymous_4)
FNDA:1,(anonymous_5)
DA:1,1
DA:9,1
DA:14,1
DA:15,1
DA:21,1
DA:23,1
DA:26,1
DA:27,1
DA:28,1
DA:31,1
DA:38,1
LF:11
LH:11
BRF:0
BRH:0
end_of_record
TN:
SF:app/model/Person.js
FN:5,(anonymous_1)
FN:11,(anonymous_2)
FN:19,(anonymous_3)
FNF:3
FNH:1
FNDA:1,(anonymous_1)
FNDA:0,(anonymous_2)
FNDA:0,(anonymous_3)
DA:5,1
DA:7,1
DA:12,0
DA:20,0
DA:25,1
LF:5
LH:3
BRF:0
BRH:0
end_of_record
TN:
SF:app/model/Project.js
FN:6,(anonymous_1)
FN:14,(anonymous_2)
FN:23,(anonymous_3)
FN:31,(anonymous_4)
FNF:4
FNH:4
FNDA:4,(anonymous_1)
FNDA:1,(anonymous_2)
FNDA:1,(anonymous_3)
FNDA:1,(anonymous_4)
DA:6,1
DA:8,4
DA:15,1
DA:24,1
DA:32,1
DA:37,1
LF:6
LH:6
BRF:0
BRH:0
end_of_record
TN:
SF:app/config/config.js
FN:9,(anonymous_1)
FN:20,(anonymous_2)
FNF:2
FNH:1
FNDA:1,(anonymous_1)
FNDA:0,(anonymous_2)
DA:2,1
DA:10,1
DA:11,1
DA:21,0
DA:27,1
DA:30,1
LF:6
LH:5
BRDA:27,1,0,1
BRDA:27,1,1,1
BRF:2
BRH:2
end_of_record
TN:
SF:app/model/ProjectRepository.js
FN:8,ProjectRepository
FN:17,(anonymous_2)
FN:31,(anonymous_3)
FN:34,(anonymous_4)
FN:36,(anonymous_5)
FN:53,(anonymous_6)
FN:61,(anonymous_7)
FN:64,(anonymous_8)
FN:66,(anonymous_9)
FN:79,(anonymous_10)
FN:90,(anonymous_11)
FN:93,(anonymous_12)
FN:108,(anonymous_13)
FN:122,(anonymous_14)
FN:125,(anonymous_15)
FN:140,(anonymous_16)
FN:152,(anonymous_17)
FN:155,(anonymous_18)
FNF:18
FNH:18
FNDA:10,ProjectRepository
FNDA:1,(anonymous_2)
FNDA:1,(anonymous_3)
FNDA:1,(anonymous_4)
FNDA:1,(anonymous_5)
FNDA:1,(anonymous_6)
FNDA:1,(anonymous_7)
FNDA:1,(anonymous_8)
FNDA:1,(anonymous_9)
FNDA:2,(anonymous_10)
FNDA:2,(anonymous_11)
FNDA:2,(anonymous_12)
FNDA:2,(anonymous_13)
FNDA:2,(anonymous_14)
FNDA:2,(anonymous_15)
FNDA:2,(anonymous_16)
FNDA:2,(anonymous_17)
FNDA:2,(anonymous_18)
DA:1,1
DA:8,1
DA:17,1
DA:18,1
DA:25,1
DA:29,1
DA:32,1
DA:35,1
DA:36,1
DA:37,1
DA:40,1
DA:53,1
DA:54,1
DA:59,1
DA:62,1
DA:65,1
DA:66,1
DA:67,1
DA:70,1
DA:79,1
DA:80,2
DA:85,2
DA:89,2
DA:91,2
DA:94,2
DA:95,1
DA:98,1
DA:99,1
DA:108,1
DA:109,2
DA:116,2
DA:121,2
DA:123,2
DA:126,2
DA:127,1
DA:130,1
DA:131,1
DA:140,1
DA:141,2
DA:147,2
DA:151,2
DA:153,2
DA:156,2
DA:157,1
DA:160,1
DA:165,1
LF:46
LH:46
BRDA:94,1,0,1
BRDA:94,1,1,1
BRDA:126,2,0,1
BRDA:126,2,1,1
BRDA:156,3,0,1
BRDA:156,3,1,1
BRF:6
BRH:6
end_of_record
TN:
SF:app/model/User.js
FN:5,(anonymous_1)
FN:12,(anonymous_2)
FN:19,(anonymous_3)
FN:28,(anonymous_4)
FN:37,(anonymous_5)
FN:45,(anonymous_6)
FN:54,(anonymous_7)
FNF:7
FNH:7
FNDA:6,(anonymous_1)
FNDA:4,(anonymous_2)
FNDA:4,(anonymous_3)
FNDA:4,(anonymous_4)
FNDA:7,(anonymous_5)
FNDA:6,(anonymous_6)
FNDA:2,(anonymous_7)
DA:5,1
DA:6,6
DA:8,6
DA:13,4
DA:20,4
DA:29,4
DA:38,7
DA:46,6
DA:47,6
DA:55,2
DA:60,1
LF:11
LH:11
BRDA:46,1,0,6
BRDA:46,1,1,0
BRDA:46,2,0,6
BRDA:46,2,1,6
BRF:4
BRH:3
end_of_record
TN:
SF:app/model/UserRepository.js
FN:7,UserRepository
FN:10,(anonymous_2)
FN:23,(anonymous_3)
FN:26,(anonymous_4)
FN:48,(anonymous_5)
FN:61,(anonymous_6)
FN:64,(anonymous_7)
FN:85,(anonymous_8)
FN:99,(anonymous_9)
FN:102,(anonymous_10)
FNF:10
FNH:10
FNDA:6,UserRepository
FNDA:4,(anonymous_2)
FNDA:4,(anonymous_3)
FNDA:3,(anonymous_4)
FNDA:3,(anonymous_5)
FNDA:3,(anonymous_6)
FNDA:3,(anonymous_7)
FNDA:3,(anonymous_8)
FNDA:3,(anonymous_9)
FNDA:3,(anonymous_10)
DA:1,1
DA:7,1
DA:10,1
DA:11,4
DA:21,4
DA:24,4
DA:27,3
DA:28,1
DA:30,2
DA:31,1
DA:34,1
DA:35,1
DA:36,1
DA:48,1
DA:49,3
DA:55,3
DA:59,3
DA:62,3
DA:65,3
DA:66,1
DA:68,2
DA:69,1
DA:72,1
DA:85,1
DA:86,3
DA:93,3
DA:97,3
DA:100,3
DA:104,3
DA:105,1
DA:108,2
DA:109,1
DA:112,1
DA:113,1
DA:115,1
DA:116,1
DA:118,1
DA:119,2
DA:122,1
DA:127,1
LF:40
LH:40
BRDA:27,1,0,1
BRDA:27,1,1,2
BRDA:30,2,0,1
BRDA:30,2,1,1
BRDA:65,3,0,1
BRDA:65,3,1,2
BRDA:68,4,0,1
BRDA:68,4,1,1
BRDA:104,5,0,1
BRDA:104,5,1,2
BRDA:108,6,0,1
BRDA:108,6,1,1
BRDA:115,7,0,1
BRDA:115,7,1,0
BRF:14
BRH:13
end_of_record
TN:
SF:app/controller/Security.js
FN:21,(anonymous_1)
FN:40,(anonymous_2)
FN:59,(anonymous_3)
FN:62,(anonymous_4)
FN:65,(anonymous_5)
FN:80,(anonymous_6)
FN:84,(anonymous_7)
FN:88,(anonymous_8)
FN:102,(anonymous_9)
FN:120,(anonymous_10)
FN:125,(anonymous_11)
FN:128,(anonymous_12)
FN:144,(anonymous_13)
FNF:13
FNH:0
FNDA:0,(anonymous_1)
FNDA:0,(anonymous_2)
FNDA:0,(anonymous_3)
FNDA:0,(anonymous_4)
FNDA:0,(anonymous_5)
FNDA:0,(anonymous_6)
FNDA:0,(anonymous_7)
FNDA:0,(anonymous_8)
FNDA:0,(anonymous_9)
FNDA:0,(anonymous_10)
FNDA:0,(anonymous_11)
FNDA:0,(anonymous_12)
FNDA:0,(anonymous_13)
DA:7,1
DA:8,1
DA:9,1
DA:10,1
DA:11,1
DA:12,1
DA:21,1
DA:22,0
DA:23,0
DA:26,0
DA:40,1
DA:41,0
DA:42,0
DA:45,0
DA:46,0
DA:47,0
DA:48,0
DA:59,1
DA:60,0
DA:63,0
DA:66,0
DA:67,0
DA:69,0
DA:80,1
DA:81,0
DA:82,0
DA:85,0
DA:89,0
DA:90,0
DA:92,0
DA:93,0
DA:94,0
DA:95,0
DA:97,0
DA:98,0
DA:103,0
DA:104,0
DA:106,0
DA:120,1
DA:121,0
DA:123,0
DA:126,0
DA:130,0
DA:131,0
DA:134,0
DA:136,0
DA:139,0
DA:140,0
DA:141,0
DA:142,0
DA:145,0
DA:146,0
DA:148,0
DA:149,0
LF:54
LH:11
BRDA:22,1,0,0
BRDA:22,1,1,0
BRDA:41,2,0,0
BRDA:41,2,1,0
BRDA:66,3,0,0
BRDA:66,3,1,0
BRDA:89,4,0,0
BRDA:89,4,1,0
BRDA:93,5,0,0
BRDA:93,5,1,0
BRDA:103,6,0,0
BRDA:103,6,1,0
BRDA:130,7,0,0
BRDA:130,7,1,0
BRDA:145,8,0,0
BRDA:145,8,1,0
BRF:16
BRH:0
end_of_record
TN:
SF:app/app.js
FNF:0
FNH:0
DA:10,1
DA:11,1
DA:14,1
DA:15,1
DA:16,1
DA:17,1
DA:18,1
DA:19,1
DA:20,1
DA:24,1
DA:26,1
DA:29,1
DA:31,1
DA:32,1
DA:33,1
DA:36,1
DA:43,1
DA:44,1
DA:47,1
DA:49,1
DA:50,1
DA:52,1
LF:22
LH:22
BRDA:29,1,0,1
BRDA:29,1,1,0
BRF:2
BRH:1
end_of_record
TN:
SF:app/config/passport.js
FN:10,(anonymous_1)
FN:13,(anonymous_2)
FN:17,(anonymous_3)
FN:19,(anonymous_4)
FNF:4
FNH:2
FNDA:1,(anonymous_1)
FNDA:1,(anonymous_2)
FNDA:0,(anonymous_3)
FNDA:0,(anonymous_4)
DA:4,1
DA:7,1
DA:10,1
DA:13,1
DA:14,1
DA:17,1
DA:18,0
DA:19,0
DA:20,0
DA:27,1
DA:30,1
LF:11
LH:8
BRF:0
BRH:0
end_of_record
TN:
SF:app/config/routes.js
FN:6,(anonymous_1)
FN:9,(anonymous_2)
FN:22,(anonymous_3)
FN:26,(anonymous_4)
FN:56,isLoggedIn
FNF:5
FNH:2
FNDA:1,(anonymous_1)
FNDA:0,(anonymous_2)
FNDA:0,(anonymous_3)
FNDA:1,(anonymous_4)
FNDA:0,isLoggedIn
DA:1,1
DA:2,1
DA:3,1
DA:4,1
DA:6,1
DA:9,1
DA:10,0
DA:11,0
DA:17,1
DA:22,1
DA:23,0
DA:26,1
DA:27,1
DA:28,1
DA:29,1
DA:30,1
DA:31,1
DA:36,1
DA:37,1
DA:38,1
DA:39,1
DA:41,1
DA:42,1
DA:43,1
DA:44,1
DA:45,1
DA:56,1
DA:57,0
DA:58,0
DA:60,0
LF:30
LH:24
BRDA:57,1,0,0
BRDA:57,1,1,0
BRF:2
BRH:0
end_of_record
TN:
SF:app/controller/Project.js
FN:19,(anonymous_1)
FN:21,(anonymous_2)
FN:34,(anonymous_3)
FN:35,(anonymous_4)
FN:45,(anonymous_5)
FN:53,(anonymous_6)
FN:63,(anonymous_7)
FN:76,(anonymous_8)
FN:85,(anonymous_9)
FN:92,(anonymous_10)
FNF:10
FNH:0
FNDA:0,(anonymous_1)
FNDA:0,(anonymous_2)
FNDA:0,(anonymous_3)
FNDA:0,(anonymous_4)
FNDA:0,(anonymous_5)
FNDA:0,(anonymous_6)
FNDA:0,(anonymous_7)
FNDA:0,(anonymous_8)
FNDA:0,(anonymous_9)
FNDA:0,(anonymous_10)
DA:6,1
DA:7,1
DA:8,1
DA:9,1
DA:19,1
DA:20,0
DA:21,0
DA:22,0
DA:23,0
DA:26,0
DA:34,1
DA:35,0
DA:36,0
DA:37,0
DA:40,0
DA:45,1
DA:46,0
DA:47,0
DA:48,0
DA:51,0
DA:53,0
DA:54,0
DA:55,0
DA:58,0
DA:63,1
DA:64,0
DA:65,0
DA:67,0
DA:68,0
DA:70,0
DA:71,0
DA:74,0
DA:76,0
DA:77,0
DA:78,0
DA:81,0
DA:85,1
DA:86,0
DA:88,0
DA:89,0
DA:92,0
DA:93,0
DA:94,0
DA:97,0
LF:44
LH:9
BRDA:22,1,0,0
BRDA:22,1,1,0
BRDA:36,2,0,0
BRDA:36,2,1,0
BRDA:47,3,0,0
BRDA:47,3,1,0
BRDA:54,4,0,0
BRDA:54,4,1,0
BRDA:67,5,0,0
BRDA:67,5,1,0
BRDA:70,6,0,0
BRDA:70,6,1,0
BRDA:77,7,0,0
BRDA:77,7,1,0
BRDA:88,8,0,0
BRDA:88,8,1,0
BRDA:93,9,0,0
BRDA:93,9,1,0
BRF:18
BRH:0
end_of_record
TN:
SF:app/controller/Person.js
FN:19,(anonymous_1)
FNF:1
FNH:0
FNDA:0,(anonymous_1)
DA:6,1
DA:7,1
DA:8,1
DA:9,1
DA:19,1
LF:5
LH:5
BRF:0
BRH:0
end_of_record
