TN:
SF:app/model/User.js
FN:5,(anonymous_1)
FN:12,(anonymous_2)
FN:19,(anonymous_3)
FN:28,(anonymous_4)
FN:37,(anonymous_5)
FN:45,(anonymous_6)
FN:53,(anonymous_7)
FNF:7
FNH:7
FNDA:6,(anonymous_1)
FNDA:4,(anonymous_2)
FNDA:4,(anonymous_3)
FNDA:4,(anonymous_4)
FNDA:7,(anonymous_5)
FNDA:6,(anonymous_6)
FNDA:2,(anonymous_7)
DA:5,1
DA:6,6
DA:8,6
DA:13,4
DA:20,4
DA:29,4
DA:38,7
DA:46,6
DA:54,2
DA:59,1
LF:10
LH:10
BRF:0
BRH:0
end_of_record
TN:
SF:app/model/UserRepository.js
FN:7,UserRepository
FN:10,(anonymous_2)
FN:23,(anonymous_3)
FN:26,(anonymous_4)
FN:48,(anonymous_5)
FN:61,(anonymous_6)
FN:64,(anonymous_7)
FN:85,(anonymous_8)
FN:99,(anonymous_9)
FN:102,(anonymous_10)
FNF:10
FNH:10
FNDA:6,UserRepository
FNDA:4,(anonymous_2)
FNDA:4,(anonymous_3)
FNDA:3,(anonymous_4)
FNDA:3,(anonymous_5)
FNDA:3,(anonymous_6)
FNDA:3,(anonymous_7)
FNDA:3,(anonymous_8)
FNDA:3,(anonymous_9)
FNDA:3,(anonymous_10)
DA:1,1
DA:7,1
DA:10,1
DA:11,4
DA:21,4
DA:24,4
DA:27,3
DA:28,1
DA:30,2
DA:31,1
DA:34,1
DA:35,1
DA:36,1
DA:48,1
DA:49,3
DA:55,3
DA:59,3
DA:62,3
DA:65,3
DA:66,1
DA:68,2
DA:69,1
DA:72,1
DA:85,1
DA:86,3
DA:93,3
DA:97,3
DA:100,3
DA:104,3
DA:105,1
DA:108,2
DA:109,1
DA:112,1
DA:113,1
DA:115,1
DA:116,1
DA:118,1
DA:119,2
DA:122,1
DA:127,1
LF:40
LH:40
BRDA:27,1,0,1
BRDA:27,1,1,2
BRDA:30,2,0,1
BRDA:30,2,1,1
BRDA:65,3,0,1
BRDA:65,3,1,2
BRDA:68,4,0,1
BRDA:68,4,1,1
BRDA:104,5,0,1
BRDA:104,5,1,2
BRDA:108,6,0,1
BRDA:108,6,1,1
BRDA:115,7,0,1
BRDA:115,7,1,0
BRF:14
BRH:13
end_of_record
TN:
SF:app/config/config.js
FN:9,(anonymous_1)
FN:20,(anonymous_2)
FNF:2
FNH:1
FNDA:1,(anonymous_1)
FNDA:0,(anonymous_2)
DA:2,1
DA:10,1
DA:11,1
DA:21,0
DA:27,1
DA:30,1
LF:6
LH:5
BRDA:27,1,0,1
BRDA:27,1,1,1
BRF:2
BRH:2
end_of_record
TN:
SF:app/controller/Security.js
FN:21,(anonymous_1)
FN:40,(anonymous_2)
FN:58,(anonymous_3)
FN:61,(anonymous_4)
FN:64,(anonymous_5)
FN:79,(anonymous_6)
FN:83,(anonymous_7)
FN:87,(anonymous_8)
FN:101,(anonymous_9)
FN:120,(anonymous_10)
FN:125,(anonymous_11)
FN:128,(anonymous_12)
FN:144,(anonymous_13)
FNF:13
FNH:0
FNDA:0,(anonymous_1)
FNDA:0,(anonymous_2)
FNDA:0,(anonymous_3)
FNDA:0,(anonymous_4)
FNDA:0,(anonymous_5)
FNDA:0,(anonymous_6)
FNDA:0,(anonymous_7)
FNDA:0,(anonymous_8)
FNDA:0,(anonymous_9)
FNDA:0,(anonymous_10)
FNDA:0,(anonymous_11)
FNDA:0,(anonymous_12)
FNDA:0,(anonymous_13)
DA:7,1
DA:8,1
DA:9,1
DA:10,1
DA:11,1
DA:12,1
DA:21,1
DA:22,0
DA:23,0
DA:26,0
DA:40,1
DA:41,0
DA:42,0
DA:45,0
DA:46,0
DA:47,0
DA:58,1
DA:59,0
DA:62,0
DA:65,0
DA:66,0
DA:68,0
DA:79,1
DA:80,0
DA:81,0
DA:84,0
DA:88,0
DA:89,0
DA:91,0
DA:92,0
DA:93,0
DA:94,0
DA:96,0
DA:97,0
DA:102,0
DA:103,0
DA:105,0
DA:106,0
DA:120,1
DA:121,0
DA:123,0
DA:126,0
DA:130,0
DA:131,0
DA:134,0
DA:136,0
DA:139,0
DA:140,0
DA:141,0
DA:142,0
DA:145,0
DA:146,0
DA:148,0
DA:149,0
LF:54
LH:11
BRDA:22,1,0,0
BRDA:22,1,1,0
BRDA:41,2,0,0
BRDA:41,2,1,0
BRDA:65,3,0,0
BRDA:65,3,1,0
BRDA:88,4,0,0
BRDA:88,4,1,0
BRDA:92,5,0,0
BRDA:92,5,1,0
BRDA:102,6,0,0
BRDA:102,6,1,0
BRDA:130,7,0,0
BRDA:130,7,1,0
BRDA:145,8,0,0
BRDA:145,8,1,0
BRF:16
BRH:0
end_of_record
TN:
SF:app/app.js
FNF:0
FNH:0
DA:10,1
DA:11,1
DA:14,1
DA:15,1
DA:16,1
DA:17,1
DA:18,1
DA:19,1
DA:20,1
DA:24,1
DA:26,1
DA:29,1
DA:31,1
DA:32,1
DA:33,1
DA:36,1
DA:39,1
DA:40,1
DA:43,1
DA:45,1
DA:46,1
DA:48,1
LF:22
LH:22
BRDA:29,1,0,1
BRDA:29,1,1,0
BRF:2
BRH:1
end_of_record
TN:
SF:app/config/passport.js
FN:10,(anonymous_1)
FN:13,(anonymous_2)
FN:17,(anonymous_3)
FN:19,(anonymous_4)
FNF:4
FNH:2
FNDA:1,(anonymous_1)
FNDA:1,(anonymous_2)
FNDA:0,(anonymous_3)
FNDA:0,(anonymous_4)
DA:4,1
DA:7,1
DA:10,1
DA:13,1
DA:14,1
DA:17,1
DA:18,0
DA:19,0
DA:20,0
DA:27,1
DA:30,1
LF:11
LH:8
BRF:0
BRH:0
end_of_record
TN:
SF:app/config/routes.js
FN:5,(anonymous_1)
FN:8,(anonymous_2)
FN:21,(anonymous_3)
FN:41,isLoggedIn
FNF:4
FNH:1
FNDA:1,(anonymous_1)
FNDA:0,(anonymous_2)
FNDA:0,(anonymous_3)
FNDA:0,isLoggedIn
DA:1,1
DA:2,1
DA:3,1
DA:5,1
DA:8,1
DA:9,0
DA:10,0
DA:16,1
DA:21,1
DA:22,0
DA:27,1
DA:28,1
DA:29,1
DA:31,1
DA:32,1
DA:33,1
DA:34,1
DA:35,1
DA:41,1
DA:44,0
DA:45,0
DA:48,0
LF:22
LH:16
BRDA:44,1,0,0
BRDA:44,1,1,0
BRF:2
BRH:0
end_of_record
TN:
SF:app/controller/Project.js
FN:18,(anonymous_1)
FN:20,(anonymous_2)
FN:23,(anonymous_3)
FN:32,(anonymous_4)
FN:34,(anonymous_5)
FN:37,(anonymous_6)
FN:46,(anonymous_7)
FN:48,(anonymous_8)
FN:51,(anonymous_9)
FN:59,(anonymous_10)
FN:61,(anonymous_11)
FN:64,(anonymous_12)
FN:72,(anonymous_13)
FN:74,(anonymous_14)
FN:77,(anonymous_15)
FNF:15
FNH:0
FNDA:0,(anonymous_1)
FNDA:0,(anonymous_2)
FNDA:0,(anonymous_3)
FNDA:0,(anonymous_4)
FNDA:0,(anonymous_5)
FNDA:0,(anonymous_6)
FNDA:0,(anonymous_7)
FNDA:0,(anonymous_8)
FNDA:0,(anonymous_9)
FNDA:0,(anonymous_10)
FNDA:0,(anonymous_11)
FNDA:0,(anonymous_12)
FNDA:0,(anonymous_13)
FNDA:0,(anonymous_14)
FNDA:0,(anonymous_15)
DA:6,1
DA:7,1
DA:8,1
DA:18,1
DA:19,0
DA:21,0
DA:24,0
DA:25,0
DA:28,0
DA:32,1
DA:33,0
DA:35,0
DA:38,0
DA:39,0
DA:41,0
DA:46,1
DA:47,0
DA:49,0
DA:52,0
DA:53,0
DA:55,0
DA:59,1
DA:60,0
DA:62,0
DA:65,0
DA:66,0
DA:68,0
DA:72,1
DA:73,0
DA:75,0
DA:78,0
DA:79,0
DA:81,0
LF:33
LH:8
BRDA:24,1,0,0
BRDA:24,1,1,0
BRDA:38,2,0,0
BRDA:38,2,1,0
BRDA:52,3,0,0
BRDA:52,3,1,0
BRDA:65,4,0,0
BRDA:65,4,1,0
BRDA:78,5,0,0
BRDA:78,5,1,0
BRF:10
BRH:0
end_of_record
TN:
SF:app/model/ProjectRepository.js
FN:7,ProjectRepository
FN:15,(anonymous_2)
FN:29,(anonymous_3)
FN:32,(anonymous_4)
FN:43,(anonymous_5)
FN:51,(anonymous_6)
FN:54,(anonymous_7)
FNF:7
FNH:1
FNDA:1,ProjectRepository
FNDA:0,(anonymous_2)
FNDA:0,(anonymous_3)
FNDA:0,(anonymous_4)
FNDA:0,(anonymous_5)
FNDA:0,(anonymous_6)
FNDA:0,(anonymous_7)
DA:1,1
DA:7,1
DA:15,1
DA:16,0
DA:23,0
DA:27,0
DA:30,0
DA:33,0
DA:43,1
DA:44,0
DA:49,0
DA:52,0
DA:55,0
DA:60,1
LF:14
LH:5
BRF:0
BRH:0
end_of_record
TN:
SF:app/model/Project.js
FN:6,Project
FN:13,(anonymous_2)
FN:21,(anonymous_3)
FN:29,(anonymous_4)
FNF:4
FNH:0
FNDA:0,Project
FNDA:0,(anonymous_2)
FNDA:0,(anonymous_3)
FNDA:0,(anonymous_4)
DA:6,1
DA:8,0
DA:14,0
DA:22,0
DA:30,0
DA:35,1
LF:6
LH:2
BRF:0
BRH:0
end_of_record
